0 info it worked if it ends with ok
1 verbose cli [ '/usr/bin/nodejs', '/usr/bin/npm', 'install' ]
2 info using npm@2.15.1
3 info using node@v4.4.3
4 verbose readDependencies loading dependencies from /home/hemant/Projects/IWP/WebScraper/package.json
5 verbose install where, deps [ '/home/hemant/Projects/IWP/WebScraper',
5 verbose install   [ 'body-parser',
5 verbose install     'cheerio',
5 verbose install     'express',
5 verbose install     'fs',
5 verbose install     'mysql',
5 verbose install     'request',
5 verbose install     'webdriverio',
5 verbose install     'serveStatic',
5 verbose install     'connect' ] ]
6 verbose install where, peers [ '/home/hemant/Projects/IWP/WebScraper', [] ]
7 verbose installManyTop reading for lifecycle /home/hemant/Projects/IWP/WebScraper/package.json
8 info preinstall scraping@1.0.0
9 verbose installManyTop reading scoped package data from /home/hemant/Projects/IWP/WebScraper/node_modules/body-parser/package.json
10 verbose installManyTop reading scoped package data from /home/hemant/Projects/IWP/WebScraper/node_modules/cheerio/package.json
11 verbose installManyTop reading scoped package data from /home/hemant/Projects/IWP/WebScraper/node_modules/connect/package.json
12 verbose installManyTop reading scoped package data from /home/hemant/Projects/IWP/WebScraper/node_modules/express/package.json
13 verbose installManyTop reading scoped package data from /home/hemant/Projects/IWP/WebScraper/node_modules/fs/package.json
14 verbose installManyTop reading scoped package data from /home/hemant/Projects/IWP/WebScraper/node_modules/mysql/package.json
15 verbose installManyTop reading scoped package data from /home/hemant/Projects/IWP/WebScraper/node_modules/node-phantom/package.json
16 verbose installManyTop reading scoped package data from /home/hemant/Projects/IWP/WebScraper/node_modules/request/package.json
17 verbose installManyTop reading scoped package data from /home/hemant/Projects/IWP/WebScraper/node_modules/serve-static/package.json
18 verbose installManyTop reading scoped package data from /home/hemant/Projects/IWP/WebScraper/node_modules/webdriverio/package.json
19 verbose installManyTop reading scoped package data from /home/hemant/Projects/IWP/WebScraper/node_modules/webpage/package.json
20 info package.json fs@0.0.2 fs is also the name of a node core module.
21 info package.json fs@0.0.2 No description
22 info package.json fs@0.0.2 No repository field.
23 info package.json fs@0.0.2 No README data
24 info package.json node-phantom@0.2.5 No license field.
25 info package.json webdriverio@3.4.0 No license field.
26 info package.json webpage@0.3.0 No repository field.
27 verbose readDependencies loading dependencies from /home/hemant/Projects/IWP/WebScraper/package.json
28 verbose targetResolver reading package data from /home/hemant/Projects/IWP/WebScraper/node_modules/body-parser/package.json
29 verbose targetResolver reading package data from /home/hemant/Projects/IWP/WebScraper/node_modules/cheerio/package.json
30 verbose targetResolver reading package data from /home/hemant/Projects/IWP/WebScraper/node_modules/connect/package.json
31 verbose targetResolver reading package data from /home/hemant/Projects/IWP/WebScraper/node_modules/express/package.json
32 verbose targetResolver reading package data from /home/hemant/Projects/IWP/WebScraper/node_modules/fs/package.json
33 verbose targetResolver reading package data from /home/hemant/Projects/IWP/WebScraper/node_modules/mysql/package.json
34 verbose targetResolver reading package data from /home/hemant/Projects/IWP/WebScraper/node_modules/node-phantom/package.json
35 verbose targetResolver reading package data from /home/hemant/Projects/IWP/WebScraper/node_modules/request/package.json
36 verbose targetResolver reading package data from /home/hemant/Projects/IWP/WebScraper/node_modules/serve-static/package.json
37 verbose targetResolver reading package data from /home/hemant/Projects/IWP/WebScraper/node_modules/webdriverio/package.json
38 verbose targetResolver reading package data from /home/hemant/Projects/IWP/WebScraper/node_modules/webpage/package.json
39 verbose targetResolver reading package data from /home/hemant/Projects/IWP/WebScraper/node_modules/.bin/wdio/package.json
40 verbose already installed skipping connect@* /home/hemant/Projects/IWP/WebScraper
41 verbose already installed skipping body-parser@* /home/hemant/Projects/IWP/WebScraper
42 verbose already installed skipping cheerio@* /home/hemant/Projects/IWP/WebScraper
43 verbose already installed skipping express@* /home/hemant/Projects/IWP/WebScraper
44 verbose already installed skipping fs@* /home/hemant/Projects/IWP/WebScraper
45 verbose already installed skipping mysql@* /home/hemant/Projects/IWP/WebScraper
46 verbose already installed skipping request@* /home/hemant/Projects/IWP/WebScraper
47 verbose already installed skipping webdriverio@* /home/hemant/Projects/IWP/WebScraper
48 silly cache add args [ 'serveStatic@*', null ]
49 verbose cache add spec serveStatic@*
50 silly cache add parsed spec Result {
50 silly cache add   raw: 'serveStatic@*',
50 silly cache add   scope: null,
50 silly cache add   name: 'serveStatic',
50 silly cache add   rawSpec: '*',
50 silly cache add   spec: '*',
50 silly cache add   type: 'range' }
51 silly addNamed serveStatic@*
52 verbose addNamed "*" is a valid semver range for serveStatic
53 silly addNameRange { name: 'serveStatic', range: '*', hasData: false }
54 silly mapToRegistry name serveStatic
55 silly mapToRegistry using default registry
56 silly mapToRegistry registry https://registry.npmjs.org/
57 silly mapToRegistry data Result {
57 silly mapToRegistry   raw: 'serveStatic',
57 silly mapToRegistry   scope: null,
57 silly mapToRegistry   name: 'serveStatic',
57 silly mapToRegistry   rawSpec: '',
57 silly mapToRegistry   spec: 'latest',
57 silly mapToRegistry   type: 'tag' }
58 silly mapToRegistry uri https://registry.npmjs.org/serveStatic
59 verbose addNameRange registry:https://registry.npmjs.org/serveStatic not in flight; fetching
60 verbose request uri https://registry.npmjs.org/serveStatic
61 verbose request no auth needed
62 info attempt registry request try #1 at 3:21:28 PM
63 verbose request id b3219c8525be3622
64 http request GET https://registry.npmjs.org/serveStatic
65 http 404 https://registry.npmjs.org/serveStatic
66 verbose headers { 'content-type': 'application/json',
66 verbose headers   'cache-control': 'max-age=0',
66 verbose headers   'content-length': '2',
66 verbose headers   'accept-ranges': 'bytes',
66 verbose headers   date: 'Sun, 01 May 2016 09:52:10 GMT',
66 verbose headers   via: '1.1 varnish',
66 verbose headers   age: '0',
66 verbose headers   connection: 'keep-alive',
66 verbose headers   'x-served-by': 'cache-sin6925-SIN',
66 verbose headers   'x-cache': 'MISS',
66 verbose headers   'x-cache-hits': '0',
66 verbose headers   'x-timer': 'S1462096329.698185,VS0,VE846',
66 verbose headers   vary: 'Accept-Encoding' }
67 silly get cb [ 404,
67 silly get   { 'content-type': 'application/json',
67 silly get     'cache-control': 'max-age=0',
67 silly get     'content-length': '2',
67 silly get     'accept-ranges': 'bytes',
67 silly get     date: 'Sun, 01 May 2016 09:52:10 GMT',
67 silly get     via: '1.1 varnish',
67 silly get     age: '0',
67 silly get     connection: 'keep-alive',
67 silly get     'x-served-by': 'cache-sin6925-SIN',
67 silly get     'x-cache': 'MISS',
67 silly get     'x-cache-hits': '0',
67 silly get     'x-timer': 'S1462096329.698185,VS0,VE846',
67 silly get     vary: 'Accept-Encoding' } ]
68 verbose stack Error: Registry returned 404 for GET on https://registry.npmjs.org/serveStatic
68 verbose stack     at makeError (/usr/lib/node_modules/npm/node_modules/npm-registry-client/lib/request.js:264:12)
68 verbose stack     at CachingRegistryClient.<anonymous> (/usr/lib/node_modules/npm/node_modules/npm-registry-client/lib/request.js:242:14)
68 verbose stack     at Request._callback (/usr/lib/node_modules/npm/node_modules/npm-registry-client/lib/request.js:172:14)
68 verbose stack     at Request.self.callback (/usr/lib/node_modules/npm/node_modules/request/request.js:199:22)
68 verbose stack     at emitTwo (events.js:87:13)
68 verbose stack     at Request.emit (events.js:172:7)
68 verbose stack     at Request.<anonymous> (/usr/lib/node_modules/npm/node_modules/request/request.js:1036:10)
68 verbose stack     at emitOne (events.js:82:20)
68 verbose stack     at Request.emit (events.js:169:7)
68 verbose stack     at IncomingMessage.<anonymous> (/usr/lib/node_modules/npm/node_modules/request/request.js:963:12)
69 verbose statusCode 404
70 verbose pkgid serveStatic
71 verbose cwd /home/hemant/Projects/IWP/WebScraper
72 error Linux 4.4.0-21-generic
73 error argv "/usr/bin/nodejs" "/usr/bin/npm" "install"
74 error node v4.4.3
75 error npm  v2.15.1
76 error code E404
77 error 404 Registry returned 404 for GET on https://registry.npmjs.org/serveStatic
77 error 404
77 error 404 'serveStatic' is not in the npm registry.
77 error 404 Your package name is not valid, because
77 error 404
77 error 404  1. name can no longer contain capital letters
77 error 404 It was specified as a dependency of 'scraping'
77 error 404
77 error 404 Note that you can also install from a
77 error 404 tarball, folder, http url, or git url.
78 verbose exit [ 1, true ]
